<?xml version="1.0" encoding="UTF-8"?>
<!-- Generated by org.testng.reporters.JUnitXMLReporter -->
<testsuite ignored="0" hostname="FT-D-WTC-0003" failures="0" tests="3" name="Surefire test" time="99.811" errors="0" timestamp="2025-04-29T23:15:30 IST">
  <testcase classname="com.questapp.tests.JobsPageTest" name="@BeforeMethod loginAndNavigate" time="37.832">
    <failure type="java.lang.RuntimeException" message="Failed to enter email. Element not visible after 40 seconds. Error communicating with the remote browser. It may have died.
Build info: version: &amp;apos;4.15.0&amp;apos;, revision: &amp;apos;1d14b5521b&amp;apos;
System info: os.name: &amp;apos;Windows 11&amp;apos;, os.arch: &amp;apos;amd64&amp;apos;, os.version: &amp;apos;10.0&amp;apos;, java.version: &amp;apos;24.0.1&amp;apos;
Driver info: org.openqa.selenium.chrome.ChromeDriver
Command: [a10c3cfa5f1bf77493f298e4fe49d591, findElement [using, value]]
Capabilities {acceptInsecureCerts: false, browserName: chrome, browserVersion: 135.0.7049.115, chrome: {chromedriverVersion: 135.0.7049.114 (63fd8a7d9d0..., userDataDir: C:\Users\INDUKJ~1\AppData\L...}, fedcm:accounts: true, goog:chromeOptions: {debuggerAddress: localhost:65473}, networkConnectionEnabled: false, pageLoadStrategy: normal, platformName: windows, proxy: Proxy(), se:cdp: ws://localhost:65473/devtoo..., se:cdpVersion: 135.0.7049.115, setWindowRect: true, strictFileInteractability: false, timeouts: {implicit: 0, pageLoad: 300000, script: 30000}, unhandledPromptBehavior: dismiss and notify, webauthn:extension:credBlob: true, webauthn:extension:largeBlob: true, webauthn:extension:minPinLength: true, webauthn:extension:prf: true, webauthn:virtualAuthenticators: true}
Session ID: a10c3cfa5f1bf77493f298e4fe49d591">
      <![CDATA[java.lang.RuntimeException: Failed to enter email. Element not visible after 40 seconds. Error communicating with the remote browser. It may have died.
Build info: version: '4.15.0', revision: '1d14b5521b'
System info: os.name: 'Windows 11', os.arch: 'amd64', os.version: '10.0', java.version: '24.0.1'
Driver info: org.openqa.selenium.chrome.ChromeDriver
Command: [a10c3cfa5f1bf77493f298e4fe49d591, findElement [using, value]]
Capabilities {acceptInsecureCerts: false, browserName: chrome, browserVersion: 135.0.7049.115, chrome: {chromedriverVersion: 135.0.7049.114 (63fd8a7d9d0..., userDataDir: C:\Users\INDUKJ~1\AppData\L...}, fedcm:accounts: true, goog:chromeOptions: {debuggerAddress: localhost:65473}, networkConnectionEnabled: false, pageLoadStrategy: normal, platformName: windows, proxy: Proxy(), se:cdp: ws://localhost:65473/devtoo..., se:cdpVersion: 135.0.7049.115, setWindowRect: true, strictFileInteractability: false, timeouts: {implicit: 0, pageLoad: 300000, script: 30000}, unhandledPromptBehavior: dismiss and notify, webauthn:extension:credBlob: true, webauthn:extension:largeBlob: true, webauthn:extension:minPinLength: true, webauthn:extension:prf: true, webauthn:virtualAuthenticators: true}
Session ID: a10c3cfa5f1bf77493f298e4fe49d591
at com.questapp.pages.LoginPage.enterEmail(LoginPage.java:43)
at com.questapp.pages.LoginPage.login(LoginPage.java:68)
at com.questapp.tests.JobsPageTest.loginAndNavigate(JobsPageTest.java:35)
at java.base/java.util.ArrayList.forEach(ArrayList.java:1604)
... Removed 34 stack frames]]>
    </failure>
  </testcase> <!-- @BeforeMethod loginAndNavigate -->
  <testcase classname="com.questapp.tests.JobsPageTest" name="@BeforeMethod loginAndNavigate" time="0.0">
    <skipped/>
  </testcase> <!-- @BeforeMethod loginAndNavigate -->
  <testcase classname="com.questapp.tests.JobsPageTest" name="@AfterClass tearDown" time="0.0">
    <skipped/>
  </testcase> <!-- @AfterClass tearDown -->
  <testcase classname="com.questapp.tests.JobsPageTest" name="testSortByLastDateToApply" time="13.6"/>
  <testcase classname="com.questapp.tests.JobsPageTest" name="testSortBySalaryHighToLow" time="0.0">
    <skipped/>
  </testcase> <!-- testSortBySalaryHighToLow -->
  <testcase classname="com.questapp.tests.JobsPageTest" name="testSortBySalaryLowToHigh" time="0.0">
    <skipped/>
  </testcase> <!-- testSortBySalaryLowToHigh -->
</testsuite> <!-- Surefire test -->
